  precheader.cpp
  AssetsManager.cpp
  AssetsManagerEx.cpp
  CCEventAssetsManagerEx.cpp
  CCEventListenerAssetsManagerEx.cpp
c:\users\dimak\downloads\gameslotmachine\cocos2d\external\unzip\unzip.h(47): warning C4005: 'CC_DLL': macro redefinition (compiling source file ..\..\extensions\assets-manager\AssetsManager.cpp)
  c:\users\dimak\downloads\gameslotmachine\cocos2d\cocos\platform\win32\ccplatformdefine-win32.h(40): note: see previous definition of 'CC_DLL' (compiling source file ..\..\extensions\assets-manager\AssetsManager.cpp)
c:\users\dimak\downloads\gameslotmachine\cocos2d\external\unzip\unzip.h(47): warning C4005: 'CC_DLL': macro redefinition (compiling source file ..\..\extensions\assets-manager\AssetsManagerEx.cpp)
  c:\users\dimak\downloads\gameslotmachine\cocos2d\cocos\platform\win32\ccplatformdefine-win32.h(40): note: see previous definition of 'CC_DLL' (compiling source file ..\..\extensions\assets-manager\AssetsManagerEx.cpp)
  Manifest.cpp
c:\users\dimak\downloads\gameslotmachine\cocos2d\extensions\assets-manager\assetsmanagerex.cpp(1180): warning C4305: '+=': truncation from 'double' to 'float'
  CCControl.cpp
  CCControlButton.cpp
  CCControlColourPicker.cpp
  CCControlHuePicker.cpp
  CCControlPotentiometer.cpp
  CCControlSaturationBrightnessPicker.cpp
  CCControlSlider.cpp
  CCControlStepper.cpp
  CCControlSwitch.cpp
  CCControlUtils.cpp
  CCInvocation.cpp
  CCScrollView.cpp
  CCTableView.cpp
  CCTableViewCell.cpp
  CCParticle3DAffector.cpp
  CCParticle3DEmitter.cpp
  CCParticle3DRender.cpp
  CCParticleSystem3D.cpp
  CCPUAffector.cpp
  CCPUAffectorManager.cpp
  CCPUAffectorTranslator.cpp
  CCPUAlignAffector.cpp
  CCPUAlignAffectorTranslator.cpp
  CCPUBaseCollider.cpp
  CCPUBaseColliderTranslator.cpp
  CCPUBaseForceAffector.cpp
  CCPUBaseForceAffectorTranslator.cpp
  CCPUBeamRender.cpp
  CCPUBehaviour.cpp
  CCPUBehaviourManager.cpp
  CCPUBehaviourTranslator.cpp
  CCPUBillboardChain.cpp
  CCPUBoxCollider.cpp
  CCPUBoxColliderTranslator.cpp
  CCPUBoxEmitter.cpp
  CCPUBoxEmitterTranslator.cpp
  CCPUCircleEmitter.cpp
  CCPUCircleEmitterTranslator.cpp
  CCPUCollisionAvoidanceAffector.cpp
  CCPUCollisionAvoidanceAffectorTranslator.cpp
  CCPUColorAffector.cpp
  CCPUColorAffectorTranslator.cpp
  CCPUDoAffectorEventHandler.cpp
  CCPUDoAffectorEventHandlerTranslator.cpp
  CCPUDoEnableComponentEventHandler.cpp
  CCPUDoEnableComponentEventHandlerTranslator.cpp
  CCPUDoExpireEventHandler.cpp
  CCPUDoExpireEventHandlerTranslator.cpp
  CCPUDoFreezeEventHandler.cpp
  CCPUDoFreezeEventHandlerTranslator.cpp
  CCPUDoPlacementParticleEventHandler.cpp
  CCPUDoPlacementParticleEventHandlerTranslator.cpp
  CCPUDoScaleEventHandler.cpp
  CCPUDoScaleEventHandlerTranslator.cpp
  CCPUDoStopSystemEventHandler.cpp
  CCPUDoStopSystemEventHandlerTranslator.cpp
  CCPUDynamicAttribute.cpp
  CCPUDynamicAttributeTranslator.cpp
  CCPUEmitter.cpp
  CCPUEmitterManager.cpp
  CCPUEmitterTranslator.cpp
  CCPUEventHandler.cpp
  CCPUEventHandlerManager.cpp
  CCPUEventHandlerTranslator.cpp
  CCPUFlockCenteringAffector.cpp
  CCPUFlockCenteringAffectorTranslator.cpp
  CCPUForceField.cpp
  CCPUForceFieldAffector.cpp
  CCPUForceFieldAffectorTranslator.cpp
  CCPUGeometryRotator.cpp
  CCPUGeometryRotatorTranslator.cpp
  CCPUGravityAffector.cpp
  CCPUGravityAffectorTranslator.cpp
  CCPUInterParticleCollider.cpp
  CCPUInterParticleColliderTranslator.cpp
  CCPUJetAffector.cpp
  CCPUJetAffectorTranslator.cpp
  CCPULineAffector.cpp
  CCPULineAffectorTranslator.cpp
  CCPULinearForceAffector.cpp
  CCPULinearForceAffectorTranslator.cpp
  CCPULineEmitter.cpp
  CCPULineEmitterTranslator.cpp
  CCPUListener.cpp
  CCPUMaterialManager.cpp
  CCPUMaterialTranslator.cpp
  CCPUMeshSurfaceEmitter.cpp
  CCPUMeshSurfaceEmitterTranslator.cpp
  CCPUNoise.cpp
  CCPUObserver.cpp
  CCPUObserverManager.cpp
  CCPUObserverTranslator.cpp
  CCPUOnClearObserver.cpp
  CCPUOnClearObserverTranslator.cpp
  CCPUOnCollisionObserver.cpp
  CCPUOnCollisionObserverTranslator.cpp
  CCPUOnCountObserver.cpp
  CCPUOnCountObserverTranslator.cpp
  CCPUOnEmissionObserver.cpp
  CCPUOnEmissionObserverTranslator.cpp
  CCPUOnEventFlagObserver.cpp
  CCPUOnEventFlagObserverTranslator.cpp
  CCPUOnExpireObserver.cpp
  CCPUOnExpireObserverTranslator.cpp
  CCPUOnPositionObserver.cpp
  CCPUOnPositionObserverTranslator.cpp
  CCPUOnQuotaObserver.cpp
  CCPUOnQuotaObserverTranslator.cpp
  CCPUOnRandomObserver.cpp
  CCPUOnRandomObserverTranslator.cpp
  CCPUOnTimeObserver.cpp
  CCPUOnTimeObserverTranslator.cpp
  CCPUOnVelocityObserver.cpp
  CCPUOnVelocityObserverTranslator.cpp
  CCPUParticleFollower.cpp
  CCPUParticleFollowerTranslator.cpp
  CCPUParticleSystem3D.cpp
  CCPUParticleSystem3DTranslator.cpp
  CCPUPathFollower.cpp
  CCPUPathFollowerTranslator.cpp
  CCPUPlane.cpp
  CCPUPlaneCollider.cpp
  CCPUPlaneColliderTranslator.cpp
  CCPUPointEmitter.cpp
  CCPUPointEmitterTranslator.cpp
  CCPUPositionEmitter.cpp
  CCPUPositionEmitterTranslator.cpp
  CCPURandomiser.cpp
  CCPURandomiserTranslator.cpp
  CCPURender.cpp
  CCPURendererTranslator.cpp
  CCPURibbonTrail.cpp
  CCPURibbonTrailRender.cpp
  CCPUScaleAffector.cpp
  CCPUScaleAffectorTranslator.cpp
  CCPUScaleVelocityAffector.cpp
  CCPUScaleVelocityAffectorTranslator.cpp
  CCPUScriptCompiler.cpp
  CCPUScriptLexer.cpp
  CCPUScriptParser.cpp
  CCPUScriptTranslator.cpp
  CCPUSimpleSpline.cpp
  CCPUSineForceAffector.cpp
  CCPUSineForceAffectorTranslator.cpp
  CCPUSlaveBehaviour.cpp
  CCPUSlaveBehaviourTranslator.cpp
  CCPUSlaveEmitter.cpp
  CCPUSlaveEmitterTranslator.cpp
  CCPUSphere.cpp
  CCPUSphereCollider.cpp
  CCPUSphereColliderTranslator.cpp
  CCPUSphereSurfaceEmitter.cpp
  CCPUSphereSurfaceEmitterTranslator.cpp
  CCPUTechniqueTranslator.cpp
  CCPUTextureAnimator.cpp
  CCPUTextureAnimatorTranslator.cpp
  CCPUTextureRotator.cpp
  CCPUTextureRotatorTranslator.cpp
  CCPUTranslateManager.cpp
  CCPUUtil.cpp
  CCPUVelocityMatchingAffector.cpp
  CCPUVelocityMatchingAffectorTranslator.cpp
  CCPUVertexEmitter.cpp
  CCPUVortexAffector.cpp
  CCPUVortexAffectorTranslator.cpp
  CCPhysicsDebugNode.cpp
  CCPhysicsSprite.cpp
  clipper.cpp
  ConvertUTF.c
  ConvertUTFWrapper.cpp
  edtaa3func.cpp
  idl_gen_cpp.cpp
  idl_gen_fbs.cpp
  idl_gen_general.cpp
  idl_gen_go.cpp
  idl_gen_text.cpp
  idl_parser.cpp
  md5.c
  shapes.cc
  advancing_front.cc
  cdt.cc
  sweep.cc
  sweep_context.cc
  tinyxml2.cpp
  ioapi_mem.cpp
c:\users\dimak\downloads\gameslotmachine\cocos2d\external\unzip\ioapi.h(25): warning C4005: 'CC_DLL': macro redefinition (compiling source file ..\..\external\unzip\ioapi_mem.cpp)
  c:\users\dimak\downloads\gameslotmachine\cocos2d\cocos\platform\win32\ccplatformdefine-win32.h(40): note: see previous definition of 'CC_DLL' (compiling source file ..\..\external\unzip\ioapi_mem.cpp)
  ioapi.cpp
c:\users\dimak\downloads\gameslotmachine\cocos2d\external\unzip\ioapi.h(25): warning C4005: 'CC_DLL': macro redefinition (compiling source file ..\..\external\unzip\ioapi.cpp)
  c:\users\dimak\downloads\gameslotmachine\cocos2d\cocos\platform\win32\ccplatformdefine-win32.h(40): note: see previous definition of 'CC_DLL' (compiling source file ..\..\external\unzip\ioapi.cpp)
  unzip.cpp
  xxhash.c
c:\users\dimak\downloads\gameslotmachine\cocos2d\external\unzip\unzip.h(47): warning C4005: 'CC_DLL': macro redefinition (compiling source file ..\..\external\unzip\unzip.cpp)
  c:\users\dimak\downloads\gameslotmachine\cocos2d\cocos\platform\win32\ccplatformdefine-win32.h(40): note: see previous definition of 'CC_DLL' (compiling source file ..\..\external\unzip\unzip.cpp)
  CCAABB.cpp
c:\users\dimak\downloads\gameslotmachine\cocos2d\external\xxhash\xxhash.c(312): warning C4804: '/': unsafe use of type 'bool' in operation
  CCAnimate3D.cpp
  CCAnimation3D.cpp
  CCAttachNode.cpp
  CCBillBoard.cpp
  CCBundle3D.cpp
  CCBundleReader.cpp
  CCFrustum.cpp
  CCMesh.cpp
  CCMeshSkin.cpp
  CCMeshVertexIndexData.cpp
  CCMotionStreak3D.cpp
  CCOBB.cpp
  CCObjLoader.cpp
  CCPlane.cpp
  CCRay.cpp
  CCSkeleton3D.cpp
  CCSkybox.cpp
  CCSprite3D.cpp
  CCSprite3DMaterial.cpp
  CCTerrain.cpp
  AudioEngine.cpp
  AudioCache.cpp
  AudioDecoder.cpp
  AudioDecoderManager.cpp
  AudioDecoderMp3.cpp
  AudioDecoderOgg.cpp
  AudioEngine-win32.cpp
  AudioPlayer.cpp
  MciPlayer.cpp
  SimpleAudioEngine.cpp
  CCAllocatorDiagnostics.cpp
  CCAllocatorGlobal.cpp
  CCAllocatorGlobalNewDelete.cpp
  atitc.cpp
  base64.cpp
  CCAsyncTaskPool.cpp
  CCAutoreleasePool.cpp
  ccCArray.cpp
  CCConfiguration.cpp
  CCConsole.cpp
  CCController.cpp
  CCController-linux-win32.cpp
  CCData.cpp
  CCDataVisitor.cpp
  CCDirector.cpp
  CCEvent.cpp
  CCEventAcceleration.cpp
  CCEventController.cpp
  CCEventCustom.cpp
  CCEventDispatcher.cpp
  CCEventFocus.cpp
  CCEventKeyboard.cpp
  CCEventListener.cpp
  CCEventListenerAcceleration.cpp
  CCEventListenerController.cpp
  CCEventListenerCustom.cpp
  CCEventListenerFocus.cpp
  CCEventListenerKeyboard.cpp
  CCEventListenerMouse.cpp
  CCEventListenerTouch.cpp
  CCEventMouse.cpp
  CCEventTouch.cpp
  ccFPSImages.c
  CCIMEDispatcher.cpp
  CCNinePatchImageParser.cpp
  CCStencilStateManager.cpp
  CCNS.cpp
  CCProfiling.cpp
  CCProperties.cpp
  ccRandom.cpp
  CCRef.cpp
  CCScheduler.cpp
  CCScriptSupport.cpp
  CCTouch.cpp
  ccTypes.cpp
  CCUserDefault.cpp
  ccUTF8.cpp
  ccUtils.cpp
  CCValue.cpp
  etc1.cpp
  pvr.cpp
  ObjectFactory.cpp
  s3tc.cpp
  TGAlib.cpp
  ZipUtils.cpp
c:\users\dimak\downloads\gameslotmachine\cocos2d\external\unzip\unzip.h(47): warning C4005: 'CC_DLL': macro redefinition (compiling source file ..\base\ZipUtils.cpp)
  c:\users\dimak\downloads\gameslotmachine\cocos2d\cocos\platform\win32\ccplatformdefine-win32.h(40): note: see previous definition of 'CC_DLL' (compiling source file ..\base\ZipUtils.cpp)
  cocos2d.cpp
  CCArray.cpp
  CCDeprecated.cpp
  CCDictionary.cpp
  CCNotificationCenter.cpp
  CCSet.cpp
  CCString.cpp
  CCBAnimationManager.cpp
  CCBFileLoader.cpp
  CCBKeyframe.cpp
  CCBReader.cpp
  CCBSequence.cpp
  CCBSequenceProperty.cpp
  CCControlButtonLoader.cpp
  CCControlLoader.cpp
  CCLabelBMFontLoader.cpp
  CCLabelTTFLoader.cpp
  CCLayerColorLoader.cpp
  CCLayerGradientLoader.cpp
  CCLayerLoader.cpp
  CCMenuItemImageLoader.cpp
  CCMenuItemLoader.cpp
  CCNode+CCBRelativePositioning.cpp
  CCNodeLoader.cpp
  CCNodeLoaderLibrary.cpp
  CCParticleSystemQuadLoader.cpp
  CCScale9SpriteLoader.cpp
  CCScrollViewLoader.cpp
  CCSpriteLoader.cpp
  CCActionTimeline.cpp
  CCActionTimelineCache.cpp
c:\users\dimak\downloads\gameslotmachine\cocos2d\cocos\editor-support\cocostudio\csparsebinary_generated.h(1546): warning C4305: 'argument': truncation from 'double' to 'T'
          with
          [
              T=float
          ] (compiling source file ..\editor-support\cocostudio\ActionTimeline\CCActionTimelineCache.cpp)
c:\users\dimak\downloads\gameslotmachine\cocos2d\cocos\editor-support\cocostudio\csparsebinary_generated.h(1593): warning C4305: 'argument': truncation from 'double' to 'T'
          with
          [
              T=float
          ] (compiling source file ..\editor-support\cocostudio\ActionTimeline\CCActionTimelineCache.cpp)
  CCActionTimelineNode.cpp
  CCBoneNode.cpp
  CCFrame.cpp
  CCSkeletonNode.cpp
  CCSkinNode.cpp
  CCTimeLine.cpp
  CSLoader.cpp
  CCActionFrame.cpp
  CCActionFrameEasing.cpp
  CCActionManagerEx.cpp
  CCActionNode.cpp
  CCActionObject.cpp
  CCArmature.cpp
  CCArmatureAnimation.cpp
c:\users\dimak\downloads\gameslotmachine\cocos2d\cocos\editor-support\cocostudio\csparsebinary_generated.h(1546): warning C4305: 'argument': truncation from 'double' to 'T'
          with
          [
              T=float
          ] (compiling source file ..\editor-support\cocostudio\ActionTimeline\CSLoader.cpp)
c:\users\dimak\downloads\gameslotmachine\cocos2d\cocos\editor-support\cocostudio\csparsebinary_generated.h(1593): warning C4305: 'argument': truncation from 'double' to 'T'
          with
          [
              T=float
          ] (compiling source file ..\editor-support\cocostudio\ActionTimeline\CSLoader.cpp)
  CCArmatureDataManager.cpp
  CCArmatureDefine.cpp
  CCBatchNode.cpp
  CCBone.cpp
  CCColliderDetector.cpp
  CCComAttribute.cpp
  CCComAudio.cpp
  CCComController.cpp
  CCComRender.cpp
  CCDataReaderHelper.cpp
  CCDatas.cpp
  CCDecorativeDisplay.cpp
  CCDisplayFactory.cpp
  CCDisplayManager.cpp
  CCInputDelegate.cpp
  CCComExtensionData.cpp
  CCProcessBase.cpp
  CCSGUIReader.cpp
  CCSkin.cpp
  CCSpriteFrameCacheHelper.cpp
  CCSSceneReader.cpp
  CCTransformHelp.cpp
  CCTween.cpp
  CCUtilMath.cpp
  CocoLoader.cpp
  CocoStudio.cpp
  DictionaryHelper.cpp
  FlatBuffersSerialize.cpp
  LocalizationManager.cpp
c:\users\dimak\downloads\gameslotmachine\cocos2d\cocos\editor-support\cocostudio\csparsebinary_generated.h(1546): warning C4305: 'argument': truncation from 'double' to 'T'
          with
          [
              T=float
          ] (compiling source file ..\editor-support\cocostudio\FlatBuffersSerialize.cpp)
c:\users\dimak\downloads\gameslotmachine\cocos2d\cocos\editor-support\cocostudio\csparsebinary_generated.h(1593): warning C4305: 'argument': truncation from 'double' to 'T'
          with
          [
              T=float
          ] (compiling source file ..\editor-support\cocostudio\FlatBuffersSerialize.cpp)
  TriggerBase.cpp
  TriggerMng.cpp
  TriggerObj.cpp
  WidgetCallBackHandlerProtocol.cpp
  ArmatureNodeReader.cpp
c:\users\dimak\downloads\gameslotmachine\cocos2d\cocos\editor-support\cocostudio\csparsebinary_generated.h(1546): warning C4305: 'argument': truncation from 'double' to 'T'
          with
          [
              T=float
          ] (compiling source file ..\editor-support\cocostudio\WidgetReader\ArmatureNodeReader\ArmatureNodeReader.cpp)
c:\users\dimak\downloads\gameslotmachine\cocos2d\cocos\editor-support\cocostudio\csparsebinary_generated.h(1593): warning C4305: 'argument': truncation from 'double' to 'T'
          with
          [
              T=float
          ] (compiling source file ..\editor-support\cocostudio\WidgetReader\ArmatureNodeReader\ArmatureNodeReader.cpp)
  ButtonReader.cpp
c:\users\dimak\downloads\gameslotmachine\cocos2d\cocos\editor-support\cocostudio\csparsebinary_generated.h(1546): warning C4305: 'argument': truncation from 'double' to 'T'
          with
          [
              T=float
          ] (compiling source file ..\editor-support\cocostudio\WidgetReader\ButtonReader\ButtonReader.cpp)
c:\users\dimak\downloads\gameslotmachine\cocos2d\cocos\editor-support\cocostudio\csparsebinary_generated.h(1593): warning C4305: 'argument': truncation from 'double' to 'T'
          with
          [
              T=float
          ] (compiling source file ..\editor-support\cocostudio\WidgetReader\ButtonReader\ButtonReader.cpp)
  CheckBoxReader.cpp
  ComAudioReader.cpp
c:\users\dimak\downloads\gameslotmachine\cocos2d\cocos\editor-support\cocostudio\csparsebinary_generated.h(1546): warning C4305: 'argument': truncation from 'double' to 'T'
          with
          [
              T=float
          ] (compiling source file ..\editor-support\cocostudio\WidgetReader\CheckBoxReader\CheckBoxReader.cpp)
c:\users\dimak\downloads\gameslotmachine\cocos2d\cocos\editor-support\cocostudio\csparsebinary_generated.h(1593): warning C4305: 'argument': truncation from 'double' to 'T'
          with
          [
              T=float
          ] (compiling source file ..\editor-support\cocostudio\WidgetReader\CheckBoxReader\CheckBoxReader.cpp)
c:\users\dimak\downloads\gameslotmachine\cocos2d\cocos\editor-support\cocostudio\csparsebinary_generated.h(1546): warning C4305: 'argument': truncation from 'double' to 'T'
          with
          [
              T=float
          ] (compiling source file ..\editor-support\cocostudio\WidgetReader\ComAudioReader\ComAudioReader.cpp)
c:\users\dimak\downloads\gameslotmachine\cocos2d\cocos\editor-support\cocostudio\csparsebinary_generated.h(1593): warning C4305: 'argument': truncation from 'double' to 'T'
          with
          [
              T=float
          ] (compiling source file ..\editor-support\cocostudio\WidgetReader\ComAudioReader\ComAudioReader.cpp)
  GameMapReader.cpp
  GameNode3DReader.cpp
c:\users\dimak\downloads\gameslotmachine\cocos2d\cocos\editor-support\cocostudio\csparsebinary_generated.h(1546): warning C4305: 'argument': truncation from 'double' to 'T'
          with
          [
              T=float
          ] (compiling source file ..\editor-support\cocostudio\WidgetReader\GameMapReader\GameMapReader.cpp)
c:\users\dimak\downloads\gameslotmachine\cocos2d\cocos\editor-support\cocostudio\csparsebinary_generated.h(1593): warning C4305: 'argument': truncation from 'double' to 'T'
          with
          [
              T=float
          ] (compiling source file ..\editor-support\cocostudio\WidgetReader\GameMapReader\GameMapReader.cpp)
  ImageViewReader.cpp
c:\users\dimak\downloads\gameslotmachine\cocos2d\cocos\editor-support\cocostudio\csparsebinary_generated.h(1546): warning C4305: 'argument': truncation from 'double' to 'T'
          with
          [
              T=float
          ] (compiling source file ..\editor-support\cocostudio\WidgetReader\GameNode3DReader\GameNode3DReader.cpp)
c:\users\dimak\downloads\gameslotmachine\cocos2d\cocos\editor-support\cocostudio\csparsebinary_generated.h(1593): warning C4305: 'argument': truncation from 'double' to 'T'
          with
          [
              T=float
          ] (compiling source file ..\editor-support\cocostudio\WidgetReader\GameNode3DReader\GameNode3DReader.cpp)
  LayoutReader.cpp
c:\users\dimak\downloads\gameslotmachine\cocos2d\cocos\editor-support\cocostudio\csparsebinary_generated.h(1546): warning C4305: 'argument': truncation from 'double' to 'T'
          with
          [
              T=float
          ] (compiling source file ..\editor-support\cocostudio\WidgetReader\ImageViewReader\ImageViewReader.cpp)
c:\users\dimak\downloads\gameslotmachine\cocos2d\cocos\editor-support\cocostudio\csparsebinary_generated.h(1593): warning C4305: 'argument': truncation from 'double' to 'T'
          with
          [
              T=float
          ] (compiling source file ..\editor-support\cocostudio\WidgetReader\ImageViewReader\ImageViewReader.cpp)
c:\users\dimak\downloads\gameslotmachine\cocos2d\cocos\editor-support\cocostudio\csparsebinary_generated.h(1546): warning C4305: 'argument': truncation from 'double' to 'T'
          with
          [
              T=float
          ] (compiling source file ..\editor-support\cocostudio\WidgetReader\LayoutReader\LayoutReader.cpp)
c:\users\dimak\downloads\gameslotmachine\cocos2d\cocos\editor-support\cocostudio\csparsebinary_generated.h(1593): warning C4305: 'argument': truncation from 'double' to 'T'
          with
          [
              T=float
          ] (compiling source file ..\editor-support\cocostudio\WidgetReader\LayoutReader\LayoutReader.cpp)
  Light3DReader.cpp
c:\users\dimak\downloads\gameslotmachine\cocos2d\cocos\editor-support\cocostudio\csparsebinary_generated.h(1546): warning C4305: 'argument': truncation from 'double' to 'T'
          with
          [
              T=float
          ] (compiling source file ..\editor-support\cocostudio\WidgetReader\Light3DReader\Light3DReader.cpp)
c:\users\dimak\downloads\gameslotmachine\cocos2d\cocos\editor-support\cocostudio\csparsebinary_generated.h(1593): warning C4305: 'argument': truncation from 'double' to 'T'
          with
          [
              T=float
          ] (compiling source file ..\editor-support\cocostudio\WidgetReader\Light3DReader\Light3DReader.cpp)
  ListViewReader.cpp
  LoadingBarReader.cpp
c:\users\dimak\downloads\gameslotmachine\cocos2d\cocos\editor-support\cocostudio\csparsebinary_generated.h(1546): warning C4305: 'argument': truncation from 'double' to 'T'
          with
          [
              T=float
          ] (compiling source file ..\editor-support\cocostudio\WidgetReader\ListViewReader\ListViewReader.cpp)
c:\users\dimak\downloads\gameslotmachine\cocos2d\cocos\editor-support\cocostudio\csparsebinary_generated.h(1593): warning C4305: 'argument': truncation from 'double' to 'T'
          with
          [
              T=float
          ] (compiling source file ..\editor-support\cocostudio\WidgetReader\ListViewReader\ListViewReader.cpp)
  NodeReaderDefine.cpp
c:\users\dimak\downloads\gameslotmachine\cocos2d\cocos\editor-support\cocostudio\csparsebinary_generated.h(1546): warning C4305: 'argument': truncation from 'double' to 'T'
          with
          [
              T=float
          ] (compiling source file ..\editor-support\cocostudio\WidgetReader\LoadingBarReader\LoadingBarReader.cpp)
c:\users\dimak\downloads\gameslotmachine\cocos2d\cocos\editor-support\cocostudio\csparsebinary_generated.h(1593): warning C4305: 'argument': truncation from 'double' to 'T'
          with
          [
              T=float
          ] (compiling source file ..\editor-support\cocostudio\WidgetReader\LoadingBarReader\LoadingBarReader.cpp)
  NodeReaderProtocol.cpp
  NodeReader.cpp
c:\users\dimak\downloads\gameslotmachine\cocos2d\cocos\editor-support\cocostudio\csparsebinary_generated.h(1546): warning C4305: 'argument': truncation from 'double' to 'T'
          with
          [
              T=float
          ] (compiling source file ..\editor-support\cocostudio\WidgetReader\NodeReader\NodeReader.cpp)
c:\users\dimak\downloads\gameslotmachine\cocos2d\cocos\editor-support\cocostudio\csparsebinary_generated.h(1593): warning C4305: 'argument': truncation from 'double' to 'T'
          with
          [
              T=float
          ] (compiling source file ..\editor-support\cocostudio\WidgetReader\NodeReader\NodeReader.cpp)
  PageViewReader.cpp
  ParticleReader.cpp
c:\users\dimak\downloads\gameslotmachine\cocos2d\cocos\editor-support\cocostudio\csparsebinary_generated.h(1546): warning C4305: 'argument': truncation from 'double' to 'T'
          with
          [
              T=float
          ] (compiling source file ..\editor-support\cocostudio\WidgetReader\PageViewReader\PageViewReader.cpp)
c:\users\dimak\downloads\gameslotmachine\cocos2d\cocos\editor-support\cocostudio\csparsebinary_generated.h(1593): warning C4305: 'argument': truncation from 'double' to 'T'
          with
          [
              T=float
          ] (compiling source file ..\editor-support\cocostudio\WidgetReader\PageViewReader\PageViewReader.cpp)
c:\users\dimak\downloads\gameslotmachine\cocos2d\cocos\editor-support\cocostudio\csparsebinary_generated.h(1546): warning C4305: 'argument': truncation from 'double' to 'T'
          with
          [
              T=float
          ] (compiling source file ..\editor-support\cocostudio\WidgetReader\ParticleReader\ParticleReader.cpp)
c:\users\dimak\downloads\gameslotmachine\cocos2d\cocos\editor-support\cocostudio\csparsebinary_generated.h(1593): warning C4305: 'argument': truncation from 'double' to 'T'
          with
          [
              T=float
          ] (compiling source file ..\editor-support\cocostudio\WidgetReader\ParticleReader\ParticleReader.cpp)
  ProjectNodeReader.cpp
c:\users\dimak\downloads\gameslotmachine\cocos2d\cocos\editor-support\cocostudio\csparsebinary_generated.h(1546): warning C4305: 'argument': truncation from 'double' to 'T'
          with
          [
              T=float
          ] (compiling source file ..\editor-support\cocostudio\WidgetReader\ProjectNodeReader\ProjectNodeReader.cpp)
c:\users\dimak\downloads\gameslotmachine\cocos2d\cocos\editor-support\cocostudio\csparsebinary_generated.h(1593): warning C4305: 'argument': truncation from 'double' to 'T'
          with
          [
              T=float
          ] (compiling source file ..\editor-support\cocostudio\WidgetReader\ProjectNodeReader\ProjectNodeReader.cpp)
  ScrollViewReader.cpp
  SingleNodeReader.cpp
  BoneNodeReader.cpp
c:\users\dimak\downloads\gameslotmachine\cocos2d\cocos\editor-support\cocostudio\csparsebinary_generated.h(1546): warning C4305: 'argument': truncation from 'double' to 'T'
          with
          [
              T=float
          ] (compiling source file ..\editor-support\cocostudio\WidgetReader\SingleNodeReader\SingleNodeReader.cpp)
c:\users\dimak\downloads\gameslotmachine\cocos2d\cocos\editor-support\cocostudio\csparsebinary_generated.h(1593): warning C4305: 'argument': truncation from 'double' to 'T'
          with
          [
              T=float
          ] (compiling source file ..\editor-support\cocostudio\WidgetReader\SingleNodeReader\SingleNodeReader.cpp)
c:\users\dimak\downloads\gameslotmachine\cocos2d\cocos\editor-support\cocostudio\csparsebinary_generated.h(1546): warning C4305: 'argument': truncation from 'double' to 'T'
          with
          [
              T=float
          ] (compiling source file ..\editor-support\cocostudio\WidgetReader\ScrollViewReader\ScrollViewReader.cpp)
c:\users\dimak\downloads\gameslotmachine\cocos2d\cocos\editor-support\cocostudio\csparsebinary_generated.h(1593): warning C4305: 'argument': truncation from 'double' to 'T'
          with
          [
              T=float
          ] (compiling source file ..\editor-support\cocostudio\WidgetReader\ScrollViewReader\ScrollViewReader.cpp)
c:\users\dimak\downloads\gameslotmachine\cocos2d\cocos\editor-support\cocostudio\csparsebinary_generated.h(1546): warning C4305: 'argument': truncation from 'double' to 'T'
          with
          [
              T=float
          ] (compiling source file ..\editor-support\cocostudio\WidgetReader\SkeletonReader\BoneNodeReader.cpp)
c:\users\dimak\downloads\gameslotmachine\cocos2d\cocos\editor-support\cocostudio\csparsebinary_generated.h(1593): warning C4305: 'argument': truncation from 'double' to 'T'
          with
          [
              T=float
          ] (compiling source file ..\editor-support\cocostudio\WidgetReader\SkeletonReader\BoneNodeReader.cpp)
  SkeletonNodeReader.cpp
  SliderReader.cpp
c:\users\dimak\downloads\gameslotmachine\cocos2d\cocos\editor-support\cocostudio\csparsebinary_generated.h(1546): warning C4305: 'argument': truncation from 'double' to 'T'
          with
          [
              T=float
          ] (compiling source file ..\editor-support\cocostudio\WidgetReader\SkeletonReader\SkeletonNodeReader.cpp)
c:\users\dimak\downloads\gameslotmachine\cocos2d\cocos\editor-support\cocostudio\csparsebinary_generated.h(1593): warning C4305: 'argument': truncation from 'double' to 'T'
          with
          [
              T=float
          ] (compiling source file ..\editor-support\cocostudio\WidgetReader\SkeletonReader\SkeletonNodeReader.cpp)
  SpriteReader.cpp
c:\users\dimak\downloads\gameslotmachine\cocos2d\cocos\editor-support\cocostudio\csparsebinary_generated.h(1546): warning C4305: 'argument': truncation from 'double' to 'T'
          with
          [
              T=float
          ] (compiling source file ..\editor-support\cocostudio\WidgetReader\SliderReader\SliderReader.cpp)
c:\users\dimak\downloads\gameslotmachine\cocos2d\cocos\editor-support\cocostudio\csparsebinary_generated.h(1593): warning C4305: 'argument': truncation from 'double' to 'T'
          with
          [
              T=float
          ] (compiling source file ..\editor-support\cocostudio\WidgetReader\SliderReader\SliderReader.cpp)
c:\users\dimak\downloads\gameslotmachine\cocos2d\cocos\editor-support\cocostudio\csparsebinary_generated.h(1546): warning C4305: 'argument': truncation from 'double' to 'T'
          with
          [
              T=float
          ] (compiling source file ..\editor-support\cocostudio\WidgetReader\SpriteReader\SpriteReader.cpp)
c:\users\dimak\downloads\gameslotmachine\cocos2d\cocos\editor-support\cocostudio\csparsebinary_generated.h(1593): warning C4305: 'argument': truncation from 'double' to 'T'
          with
          [
              T=float
          ] (compiling source file ..\editor-support\cocostudio\WidgetReader\SpriteReader\SpriteReader.cpp)
  TabControlReader.cpp
  TextAtlasReader.cpp
c:\users\dimak\downloads\gameslotmachine\cocos2d\cocos\editor-support\cocostudio\csparsebinary_generated.h(1546): warning C4305: 'argument': truncation from 'double' to 'T'
          with
          [
              T=float
          ] (compiling source file ..\editor-support\cocostudio\WidgetReader\TabControlReader\TabControlReader.cpp)
c:\users\dimak\downloads\gameslotmachine\cocos2d\cocos\editor-support\cocostudio\csparsebinary_generated.h(1593): warning C4305: 'argument': truncation from 'double' to 'T'
          with
          [
              T=float
          ] (compiling source file ..\editor-support\cocostudio\WidgetReader\TabControlReader\TabControlReader.cpp)
  TextBMFontReader.cpp
c:\users\dimak\downloads\gameslotmachine\cocos2d\cocos\editor-support\cocostudio\csparsebinary_generated.h(1546): warning C4305: 'argument': truncation from 'double' to 'T'
          with
          [
              T=float
          ] (compiling source file ..\editor-support\cocostudio\WidgetReader\TextAtlasReader\TextAtlasReader.cpp)
c:\users\dimak\downloads\gameslotmachine\cocos2d\cocos\editor-support\cocostudio\csparsebinary_generated.h(1593): warning C4305: 'argument': truncation from 'double' to 'T'
          with
          [
              T=float
          ] (compiling source file ..\editor-support\cocostudio\WidgetReader\TextAtlasReader\TextAtlasReader.cpp)
c:\users\dimak\downloads\gameslotmachine\cocos2d\cocos\editor-support\cocostudio\csparsebinary_generated.h(1546): warning C4305: 'argument': truncation from 'double' to 'T'
          with
          [
              T=float
          ] (compiling source file ..\editor-support\cocostudio\WidgetReader\TextBMFontReader\TextBMFontReader.cpp)
c:\users\dimak\downloads\gameslotmachine\cocos2d\cocos\editor-support\cocostudio\csparsebinary_generated.h(1593): warning C4305: 'argument': truncation from 'double' to 'T'
          with
          [
              T=float
          ] (compiling source file ..\editor-support\cocostudio\WidgetReader\TextBMFontReader\TextBMFontReader.cpp)
  TextFieldReader.cpp
  TextReader.cpp
  Node3DReader.cpp
c:\users\dimak\downloads\gameslotmachine\cocos2d\cocos\editor-support\cocostudio\csparsebinary_generated.h(1546): warning C4305: 'argument': truncation from 'double' to 'T'
          with
          [
              T=float
          ] (compiling source file ..\editor-support\cocostudio\WidgetReader\Node3DReader\Node3DReader.cpp)
c:\users\dimak\downloads\gameslotmachine\cocos2d\cocos\editor-support\cocostudio\csparsebinary_generated.h(1593): warning C4305: 'argument': truncation from 'double' to 'T'
          with
          [
              T=float
          ] (compiling source file ..\editor-support\cocostudio\WidgetReader\Node3DReader\Node3DReader.cpp)
c:\users\dimak\downloads\gameslotmachine\cocos2d\cocos\editor-support\cocostudio\csparsebinary_generated.h(1546): warning C4305: 'argument': truncation from 'double' to 'T'
          with
          [
              T=float
          ] (compiling source file ..\editor-support\cocostudio\WidgetReader\TextFieldReader\TextFieldReader.cpp)
c:\users\dimak\downloads\gameslotmachine\cocos2d\cocos\editor-support\cocostudio\csparsebinary_generated.h(1593): warning C4305: 'argument': truncation from 'double' to 'T'
          with
          [
              T=float
          ] (compiling source file ..\editor-support\cocostudio\WidgetReader\TextFieldReader\TextFieldReader.cpp)
c:\users\dimak\downloads\gameslotmachine\cocos2d\cocos\editor-support\cocostudio\csparsebinary_generated.h(1546): warning C4305: 'argument': truncation from 'double' to 'T'
          with
          [
              T=float
          ] (compiling source file ..\editor-support\cocostudio\WidgetReader\TextReader\TextReader.cpp)
c:\users\dimak\downloads\gameslotmachine\cocos2d\cocos\editor-support\cocostudio\csparsebinary_generated.h(1593): warning C4305: 'argument': truncation from 'double' to 'T'
          with
          [
              T=float
          ] (compiling source file ..\editor-support\cocostudio\WidgetReader\TextReader\TextReader.cpp)
  Sprite3DReader.cpp
  UserCameraReader.cpp
c:\users\dimak\downloads\gameslotmachine\cocos2d\cocos\editor-support\cocostudio\csparsebinary_generated.h(1546): warning C4305: 'argument': truncation from 'double' to 'T'
          with
          [
              T=float
          ] (compiling source file ..\editor-support\cocostudio\WidgetReader\Sprite3DReader\Sprite3DReader.cpp)
c:\users\dimak\downloads\gameslotmachine\cocos2d\cocos\editor-support\cocostudio\csparsebinary_generated.h(1593): warning C4305: 'argument': truncation from 'double' to 'T'
          with
          [
              T=float
          ] (compiling source file ..\editor-support\cocostudio\WidgetReader\Sprite3DReader\Sprite3DReader.cpp)
c:\users\dimak\downloads\gameslotmachine\cocos2d\cocos\editor-support\cocostudio\csparsebinary_generated.h(1546): warning C4305: 'argument': truncation from 'double' to 'T'
          with
          [
              T=float
          ] (compiling source file ..\editor-support\cocostudio\WidgetReader\UserCameraReader\UserCameraReader.cpp)
c:\users\dimak\downloads\gameslotmachine\cocos2d\cocos\editor-support\cocostudio\csparsebinary_generated.h(1593): warning C4305: 'argument': truncation from 'double' to 'T'
          with
          [
              T=float
          ] (compiling source file ..\editor-support\cocostudio\WidgetReader\UserCameraReader\UserCameraReader.cpp)
  Particle3DReader.cpp
c:\users\dimak\downloads\gameslotmachine\cocos2d\cocos\editor-support\cocostudio\csparsebinary_generated.h(1546): warning C4305: 'argument': truncation from 'double' to 'T'
          with
          [
              T=float
          ] (compiling source file ..\editor-support\cocostudio\WidgetReader\Particle3DReader\Particle3DReader.cpp)
c:\users\dimak\downloads\gameslotmachine\cocos2d\cocos\editor-support\cocostudio\csparsebinary_generated.h(1593): warning C4305: 'argument': truncation from 'double' to 'T'
          with
          [
              T=float
          ] (compiling source file ..\editor-support\cocostudio\WidgetReader\Particle3DReader\Particle3DReader.cpp)
  WidgetReader.cpp
  CCAffineTransform.cpp
  CCGeometry.cpp
  CCVertex.cpp
c:\users\dimak\downloads\gameslotmachine\cocos2d\cocos\editor-support\cocostudio\csparsebinary_generated.h(1546): warning C4305: 'argument': truncation from 'double' to 'T'
          with
          [
              T=float
          ] (compiling source file ..\editor-support\cocostudio\WidgetReader\WidgetReader.cpp)
c:\users\dimak\downloads\gameslotmachine\cocos2d\cocos\editor-support\cocostudio\csparsebinary_generated.h(1593): warning C4305: 'argument': truncation from 'double' to 'T'
          with
          [
              T=float
          ] (compiling source file ..\editor-support\cocostudio\WidgetReader\WidgetReader.cpp)
  Mat4.cpp
  MathUtil.cpp
  Quaternion.cpp
  TransformUtils.cpp
  Vec2.cpp
  Vec3.cpp
  Vec4.cpp
  CCNavMesh.cpp
  CCNavMeshAgent.cpp
  CCNavMeshDebugDraw.cpp
  CCNavMeshObstacle.cpp
  CCNavMeshUtils.cpp
  CCDownloader-curl.cpp
  CCDownloader.cpp
  HttpClient.cpp
  SocketIO.cpp
  Uri.cpp
  WebSocket.cpp
  CCPhysics3D.cpp
  CCPhysics3DComponent.cpp
  CCPhysics3DConstraint.cpp
  CCPhysics3DDebugDrawer.cpp
  CCPhysics3DObject.cpp
  CCPhysics3DShape.cpp
  CCPhysics3DWorld.cpp
  CCPhysicsSprite3D.cpp
  CCPhysicsBody.cpp
  CCPhysicsContact.cpp
  CCPhysicsJoint.cpp
  CCPhysicsShape.cpp
  CCPhysicsWorld.cpp
  CCFileUtils.cpp
  CCGLView.cpp
c:\users\dimak\downloads\gameslotmachine\cocos2d\external\unzip\unzip.h(47): warning C4005: 'CC_DLL': macro redefinition (compiling source file ..\platform\CCFileUtils.cpp)
  c:\users\dimak\downloads\gameslotmachine\cocos2d\cocos\platform\win32\ccplatformdefine-win32.h(40): note: see previous definition of 'CC_DLL' (compiling source file ..\platform\CCFileUtils.cpp)
  CCImage.cpp
  CCSAXParser.cpp
  CCThread.cpp
c:\users\dimak\downloads\gameslotmachine\cocos2d\cocos\platform\ccsaxparser.cpp(169): warning C4101: 'e': unreferenced local variable
  CCGLViewImpl-desktop.cpp
  CCApplication-win32.cpp
  CCCommon-win32.cpp
  CCDevice-win32.cpp
  CCFileUtils-win32.cpp
  CCStdC-win32.cpp
  CCUtils-win32.cpp
  CCBatchCommand.cpp
  CCCustomCommand.cpp
  CCFrameBuffer.cpp
  CCGLProgram.cpp
  CCGLProgramCache.cpp
  CCGLProgramState.cpp
c:\users\dimak\downloads\gameslotmachine\cocos2d\cocos\renderer\ccglprogramstate.cpp(920): warning C4996: 'cocos2d::UniformValue::setTexture': was declared deprecated
  c:\users\dimak\downloads\gameslotmachine\cocos2d\cocos\renderer\ccglprogramstate.cpp(174): note: see declaration of 'cocos2d::UniformValue::setTexture'
c:\users\dimak\downloads\gameslotmachine\cocos2d\cocos\renderer\ccglprogramstate.cpp(924): warning C4996: 'cocos2d::UniformValue::setTexture': was declared deprecated
  c:\users\dimak\downloads\gameslotmachine\cocos2d\cocos\renderer\ccglprogramstate.cpp(174): note: see declaration of 'cocos2d::UniformValue::setTexture'
c:\users\dimak\downloads\gameslotmachine\cocos2d\cocos\renderer\ccglprogramstate.cpp(941): warning C4996: 'cocos2d::UniformValue::setTexture': was declared deprecated
  c:\users\dimak\downloads\gameslotmachine\cocos2d\cocos\renderer\ccglprogramstate.cpp(174): note: see declaration of 'cocos2d::UniformValue::setTexture'
c:\users\dimak\downloads\gameslotmachine\cocos2d\cocos\renderer\ccglprogramstate.cpp(945): warning C4996: 'cocos2d::UniformValue::setTexture': was declared deprecated
  c:\users\dimak\downloads\gameslotmachine\cocos2d\cocos\renderer\ccglprogramstate.cpp(174): note: see declaration of 'cocos2d::UniformValue::setTexture'
  CCGLProgramStateCache.cpp
  ccGLStateCache.cpp
  CCGroupCommand.cpp
  CCMaterial.cpp
  CCMeshCommand.cpp
  CCPass.cpp
  CCPrimitive.cpp
  CCPrimitiveCommand.cpp
  CCQuadCommand.cpp
  CCRenderCommand.cpp
  CCRenderer.cpp
  CCRenderState.cpp
  ccShaders.cpp
  CCTechnique.cpp
  CCTexture2D.cpp
  CCTextureAtlas.cpp
  CCTextureCache.cpp
  CCTextureCube.cpp
  CCTrianglesCommand.cpp
  CCVertexAttribBinding.cpp
  CCVertexIndexBuffer.cpp
  CCVertexIndexData.cpp
  LocalStorage.cpp
  CocosGUI.cpp
  UIButton.cpp
  UIAbstractCheckButton.cpp
  UICheckBox.cpp
  UIEditBoxImpl-common.cpp
  UIRadioButton.cpp
  UIDeprecated.cpp
  UIEditBox.cpp
  UIEditBoxImpl-win32.cpp
  UIHBox.cpp
  UIHelper.cpp
  UIImageView.cpp
  UILayout.cpp
  UILayoutComponent.cpp
  UILayoutManager.cpp
  UILayoutParameter.cpp
  UIListView.cpp
  UILoadingBar.cpp
  UIPageView.cpp
  UIPageViewIndicator.cpp
  UIRelativeBox.cpp
  UIRichText.cpp
  UIScale9Sprite.cpp
  UIScrollView.cpp
  UIScrollViewBar.cpp
  UISlider.cpp
  UITabControl.cpp
  UIText.cpp
  UITextAtlas.cpp
  UITextBMFont.cpp
  UITextField.cpp
  UIVBox.cpp
  UIWebView.cpp
  UIWidget.cpp
  CCVRDistortion.cpp
  CCVRDistortionMesh.cpp
  CCVRGenericHeadTracker.cpp
  CCVRGenericRenderer.cpp
  CCAction.cpp
  CCActionCamera.cpp
  CCActionCatmullRom.cpp
  CCActionEase.cpp
  CCActionGrid.cpp
  CCActionGrid3D.cpp
  CCActionInstant.cpp
  CCActionInterval.cpp
  CCActionManager.cpp
  CCActionPageTurn3D.cpp
  CCActionProgressTimer.cpp
  CCActionTiledGrid.cpp
  CCActionTween.cpp
  CCAnimation.cpp
  CCAnimationCache.cpp
  CCAtlasNode.cpp
  CCAutoPolygon.cpp
  CCCamera.cpp
  CCCameraBackgroundBrush.cpp
  CCClippingNode.cpp
  CCClippingRectangleNode.cpp
  CCComponent.cpp
  CCComponentContainer.cpp
  CCDrawingPrimitives.cpp
  CCDrawNode.cpp
  CCFastTMXLayer.cpp
  CCFastTMXTiledMap.cpp
  CCFontAtlas.cpp
  CCFontAtlasCache.cpp
  CCFontCharMap.cpp
  CCFontFNT.cpp
  CCFontFreeType.cpp
  CCGLBufferedNode.cpp
  CCGrabber.cpp
  CCGrid.cpp
  CCLabel.cpp
  CCLabelAtlas.cpp
  CCLabelBMFont.cpp
  CCLabelTextFormatter.cpp
  CCLabelTTF.cpp
  CCLayer.cpp
  CCLight.cpp
  CCMenu.cpp
  CCMenuItem.cpp
  CCMotionStreak.cpp
  CCNode.cpp
  CCNodeGrid.cpp
  CCParallaxNode.cpp
  CCParticleBatchNode.cpp
  CCParticleExamples.cpp
  CCParticleSystem.cpp
  CCParticleSystemQuad.cpp
  CCProgressTimer.cpp
  CCProtectedNode.cpp
  CCRenderTexture.cpp
  CCScene.cpp
  CCSprite.cpp
  CCSpriteBatchNode.cpp
  CCSpriteFrame.cpp
  CCSpriteFrameCache.cpp
  CCTextFieldTTF.cpp
  CCTileMapAtlas.cpp
  CCTMXLayer.cpp
  CCTMXObjectGroup.cpp
  CCTMXTiledMap.cpp
  CCTMXXMLParser.cpp
  CCTransition.cpp
  CCTransitionPageTurn.cpp
  CCTransitionProgress.cpp
  CCTweenFunction.cpp
  1 File(s) copied
  1 File(s) copied
  2 File(s) copied
  1 File(s) copied
  1 File(s) copied
  1 File(s) copied
  1 File(s) copied
  2 File(s) copied
  2 File(s) copied
  File not found - *.*
  0 File(s) copied
  2 File(s) copied
  2 File(s) copied
  2 File(s) copied
  6 File(s) copied
  2 File(s) copied
  1 File(s) copied
  1 File(s) copied
  1 File(s) copied
  4 File(s) copied
  2 File(s) copied
LINK : fatal error LNK1181: cannot open input file 'libiconv.lib'
